Using pre-set license
Built from '2021.1/staging' branch; Version is '2021.1.17f1 (03b40fe07a36) revision 242703'; Using compiler version '192528614'; Build Type 'Release'
OS: 'Windows 10 Home; OS build 22000.258; Version 2009; 64bit' Language: 'en' Physical Memory: 15789 MB
BatchMode: 1, IsHumanControllingUs: 0, StartBugReporterOnCrash: 0, Is64bit: 1, IsPro: 0

 COMMAND LINE ARGUMENTS:
C:\Program Files\Unity\Hub\Editor\2021.1.17f1\Editor\Unity.exe
-adb2
-batchMode
-noUpm
-name
AssetImportWorker0
-projectPath
C:/Users/arcti/Documents/GitHub/Untitled-Graple-Game
-logFile
Logs/AssetImportWorker0.log
-srvPort
54020
Successfully changed project path to: C:/Users/arcti/Documents/GitHub/Untitled-Graple-Game
C:/Users/arcti/Documents/GitHub/Untitled-Graple-Game
Using Asset Import Pipeline V2.
Refreshing native plugins compatible for Editor in 99.13 ms, found 4 plugins.
Preloading 0 native plugins for Editor in 0.00 ms.
Initialize engine version: 2021.1.17f1 (03b40fe07a36)
[Subsystems] Discovering subsystems at path C:/Program Files/Unity/Hub/Editor/2021.1.17f1/Editor/Data/Resources/UnitySubsystems
[Subsystems] Discovering subsystems at path C:/Users/arcti/Documents/GitHub/Untitled-Graple-Game/Assets
GfxDevice: creating device client; threaded=0; jobified=0
Direct3D:
    Version:  Direct3D 11.0 [level 11.1]
    Renderer: NVIDIA GeForce GTX 1660 Ti with Max-Q Design (ID=0x2191)
    Vendor:   NVIDIA
    VRAM:     5991 MB
    Driver:   27.21.14.6611
Initialize mono
Mono path[0] = 'C:/Program Files/Unity/Hub/Editor/2021.1.17f1/Editor/Data/Managed'
Mono path[1] = 'C:/Program Files/Unity/Hub/Editor/2021.1.17f1/Editor/Data/MonoBleedingEdge/lib/mono/unityjit'
Mono config path = 'C:/Program Files/Unity/Hub/Editor/2021.1.17f1/Editor/Data/MonoBleedingEdge/etc'
Using monoOptions --debugger-agent=transport=dt_socket,embedding=1,server=y,suspend=n,address=127.0.0.1:56240
Begin MonoManager ReloadAssembly
Registering precompiled unity dll's ...
Register platform support module: C:/Program Files/Unity/Hub/Editor/2021.1.17f1/Editor/Data/PlaybackEngines/WindowsStandaloneSupport/UnityEditor.WindowsStandalone.Extensions.dll
Registered in 0.001383 seconds.
Native extension for WindowsStandalone target not found
Refreshing native plugins compatible for Editor in 103.71 ms, found 4 plugins.
Preloading 0 native plugins for Editor in 0.00 ms.
Mono: successfully reloaded assembly
- Completed reload, in  1.142 seconds
Domain Reload Profiling:
	ReloadAssembly (1142ms)
		BeginReloadAssembly (55ms)
			ExecutionOrderSort (0ms)
			DisableScriptedObjects (0ms)
			BackupInstance (0ms)
			ReleaseScriptingObjects (0ms)
			CreateAndSetChildDomain (1ms)
		EndReloadAssembly (443ms)
			LoadAssemblies (53ms)
			RebuildTransferFunctionScriptingTraits (0ms)
			SetupTypeCache (149ms)
			ReleaseScriptCaches (0ms)
			RebuildScriptCaches (26ms)
			SetupLoadedEditorAssemblies (227ms)
				LogAssemblyErrors (0ms)
				InitializePlatformSupportModulesInManaged (6ms)
				SetLoadedEditorAssemblies (0ms)
				RefreshPlugins (104ms)
				BeforeProcessingInitializeOnLoad (1ms)
				ProcessInitializeOnLoadAttributes (87ms)
				ProcessInitializeOnLoadMethodAttributes (29ms)
				AfterProcessingInitializeOnLoad (0ms)
				EditorAssembliesLoaded (0ms)
			ExecutionOrderSort2 (0ms)
			AwakeInstancesAfterBackupRestoration (0ms)
Platform modules already initialized, skipping
Registering precompiled user dll's ...
Registered in 0.004929 seconds.
Begin MonoManager ReloadAssembly
Symbol file LoadedFromMemory doesn't match image C:\Users\arcti\Documents\GitHub\Untitled-Graple-Game\Library\PackageCache\com.unity.visualscripting@1.6.1\Editor\VisualScripting.Core\Dependencies\YamlDotNet\Unity.VisualScripting.YamlDotNet.dll
Symbol file LoadedFromMemory doesn't match image C:\Users\arcti\Documents\GitHub\Untitled-Graple-Game\Library\PackageCache\com.unity.visualscripting@1.6.1\Editor\VisualScripting.Core\Dependencies\DotNetZip\Unity.VisualScripting.IonicZip.dll
Native extension for WindowsStandalone target not found
Refreshing native plugins compatible for Editor in 101.16 ms, found 4 plugins.
Preloading 0 native plugins for Editor in 0.00 ms.
Mono: successfully reloaded assembly
- Completed reload, in  1.332 seconds
Domain Reload Profiling:
	ReloadAssembly (1333ms)
		BeginReloadAssembly (139ms)
			ExecutionOrderSort (0ms)
			DisableScriptedObjects (4ms)
			BackupInstance (0ms)
			ReleaseScriptingObjects (0ms)
			CreateAndSetChildDomain (20ms)
		EndReloadAssembly (1140ms)
			LoadAssemblies (87ms)
			RebuildTransferFunctionScriptingTraits (0ms)
			SetupTypeCache (349ms)
			ReleaseScriptCaches (1ms)
			RebuildScriptCaches (60ms)
			SetupLoadedEditorAssemblies (554ms)
				LogAssemblyErrors (0ms)
				InitializePlatformSupportModulesInManaged (4ms)
				SetLoadedEditorAssemblies (0ms)
				RefreshPlugins (101ms)
				BeforeProcessingInitializeOnLoad (89ms)
				ProcessInitializeOnLoadAttributes (338ms)
				ProcessInitializeOnLoadMethodAttributes (16ms)
				AfterProcessingInitializeOnLoad (5ms)
				EditorAssembliesLoaded (0ms)
			ExecutionOrderSort2 (0ms)
			AwakeInstancesAfterBackupRestoration (6ms)
Platform modules already initialized, skipping
========================================================================
Worker process is ready to serve import requests
Launched and connected shader compiler UnityShaderCompiler.exe after 0.05 seconds
Refreshing native plugins compatible for Editor in 0.85 ms, found 4 plugins.
Preloading 0 native plugins for Editor in 0.00 ms.
Unloading 4130 Unused Serialized files (Serialized files now loaded: 0)
System memory in use before: 152.6 MB.
System memory in use after: 152.8 MB.

Unloading 35 unused Assets to reduce memory usage. Loaded Objects now: 4580.
Total: 4.350200 ms (FindLiveObjects: 0.341000 ms CreateObjectMapping: 0.231900 ms MarkObjects: 3.706300 ms  DeleteObjects: 0.069900 ms)

AssetImportParameters requested are different than current active one (requested -> active):
  custom:framework-win-MediaFoundation: 216162199b28c13a410421893ffa2e32 -> 
  custom:video-decoder-ogg-theora: a1e56fd34408186e4bbccfd4996cb3dc -> 
  custom:container-muxer-webm: aa71ff27fc2769a1b78a27578f13a17b -> 
  custom:container-demuxer-webm: 4f35f7cbe854078d1ac9338744f61a02 -> 
  custom:container-demuxer-ogg: 62fdf1f143b41e24485cea50d1cbac27 -> 
  custom:video-encoder-webm-vp8: eb34c28f22e8b96e1ab97ce403110664 -> 
  custom:video-codec-MediaFoundation-h265: 746d11721c4dcdbdad8f713fa42b33f4 -> 
  custom:video-decoder-webm-vp8: 9c59270c3fd7afecdb556c50c9e8de78 -> 
  custom:audio-decoder-ogg-vorbis: bf7c407c2cedff20999df2af8eb42d56 -> 
  custom:audio-encoder-webm-vorbis: bf7c407c2cedff20999df2af8eb42d56 -> 
========================================================================
Received Import Request.
  path: Assets/Scripts/Input.cs
  artifactKey: Guid(054d18f69b34f4a448408370eef3f65f) Importer(815301076,1909f56bfc062723c751e8b465ee728b)
Start importing Assets/Scripts/Input.cs using Guid(054d18f69b34f4a448408370eef3f65f) Importer(815301076,1909f56bfc062723c751e8b465ee728b)  -> (artifact id: '8ad3f2805d95c3e90be7be94ae035d72') in 0.058059 seconds 
========================================================================
Received Import Request.
  Time since last request: 16.381047 seconds.
  path: Assets/Scripts/Grapple.cs
  artifactKey: Guid(f95e13398096a094d84c3d7fd5b506f9) Importer(815301076,1909f56bfc062723c751e8b465ee728b)
Start importing Assets/Scripts/Grapple.cs using Guid(f95e13398096a094d84c3d7fd5b506f9) Importer(815301076,1909f56bfc062723c751e8b465ee728b)  -> (artifact id: '3917dcb6805faa8b7d2c27877d6ed23a') in 0.009126 seconds 
========================================================================
Received Import Request.
  Time since last request: 43.292781 seconds.
  path: Assets
  artifactKey: Guid(00000000000000001000000000000000) Importer(815301076,1909f56bfc062723c751e8b465ee728b)
Start importing Assets using Guid(00000000000000001000000000000000) Importer(815301076,1909f56bfc062723c751e8b465ee728b)  -> (artifact id: '42d402b061de3733987d63b9cc3b64de') in 0.009356 seconds 
========================================================================
Received Import Request.
  Time since last request: 15.474850 seconds.
  path: Assets/Prefabs
  artifactKey: Guid(63df433bf8b9c814b9a45cee7b5f793b) Importer(815301076,1909f56bfc062723c751e8b465ee728b)
Start importing Assets/Prefabs using Guid(63df433bf8b9c814b9a45cee7b5f793b) Importer(815301076,1909f56bfc062723c751e8b465ee728b)  -> (artifact id: 'afa9127c7e91b0cba0ca17ce6a2b8d8a') in 0.009838 seconds 
========================================================================
Received Import Request.
  Time since last request: 5.152784 seconds.
  path: Assets/Sprites
  artifactKey: Guid(1dfee2fc2bcb20a4182f4bd75310b37f) Importer(815301076,1909f56bfc062723c751e8b465ee728b)
Start importing Assets/Sprites using Guid(1dfee2fc2bcb20a4182f4bd75310b37f) Importer(815301076,1909f56bfc062723c751e8b465ee728b)  -> (artifact id: '58f57a393cf227f7983d9ac4be6793e1') in 0.009705 seconds 
========================================================================
Received Import Request.
  Time since last request: 5.397695 seconds.
  path: Assets/Assets
  artifactKey: Guid(1dfee2fc2bcb20a4182f4bd75310b37f) Importer(815301076,1909f56bfc062723c751e8b465ee728b)
Start importing Assets/Assets using Guid(1dfee2fc2bcb20a4182f4bd75310b37f) Importer(815301076,1909f56bfc062723c751e8b465ee728b)  -> (artifact id: '6956179713edaea399586ad927b187e0') in 0.005844 seconds 
========================================================================
Received Import Request.
  Time since last request: 31.906258 seconds.
  path: Assets/Assets/Details
  artifactKey: Guid(cb019bce07497f94ba9c0a422488d2ca) Importer(815301076,1909f56bfc062723c751e8b465ee728b)
Start importing Assets/Assets/Details using Guid(cb019bce07497f94ba9c0a422488d2ca) Importer(815301076,1909f56bfc062723c751e8b465ee728b)  -> (artifact id: '6653a41bd9b7895da21ed0ce560f5eef') in 0.008833 seconds 
========================================================================
Received Import Request.
  Time since last request: 9.121710 seconds.
  path: Assets/Assets/Tilemaps
  artifactKey: Guid(0ce57d6c2bb97bd4f8833470dcb736dc) Importer(815301076,1909f56bfc062723c751e8b465ee728b)
Start importing Assets/Assets/Tilemaps using Guid(0ce57d6c2bb97bd4f8833470dcb736dc) Importer(815301076,1909f56bfc062723c751e8b465ee728b)  -> (artifact id: '5545e5a470bb054b9377e84dfd8b2230') in 0.009822 seconds 
========================================================================
Received Import Request.
  Time since last request: 9.230601 seconds.
  path: Assets/Assets/TilePallettes
  artifactKey: Guid(a3551694c6667064a856594e772165db) Importer(815301076,1909f56bfc062723c751e8b465ee728b)
Start importing Assets/Assets/TilePallettes using Guid(a3551694c6667064a856594e772165db) Importer(815301076,1909f56bfc062723c751e8b465ee728b)  -> (artifact id: 'bfdd2cb13fc1050507b73ce2ec8b7273') in 0.009891 seconds 
========================================================================
Received Import Request.
  Time since last request: 12.130986 seconds.
  path: Assets/Assets/Sprites
  artifactKey: Guid(aef4611f75469d74dba5a0709497d24a) Importer(815301076,1909f56bfc062723c751e8b465ee728b)
Start importing Assets/Assets/Sprites using Guid(aef4611f75469d74dba5a0709497d24a) Importer(815301076,1909f56bfc062723c751e8b465ee728b)  -> (artifact id: 'a587aee1aa7405d2c9f49b8db52e0008') in 0.004605 seconds 
========================================================================
Received Import Request.
  Time since last request: 220.095196 seconds.
  path: Assets/Ruccho/FangAutoTile
  artifactKey: Guid(7714ab7f4db405246926561b586ff205) Importer(815301076,1909f56bfc062723c751e8b465ee728b)
Start importing Assets/Ruccho/FangAutoTile using Guid(7714ab7f4db405246926561b586ff205) Importer(815301076,1909f56bfc062723c751e8b465ee728b)  -> (artifact id: 'ce53d6c99c9a526bd911c37656353c0e') in 0.009917 seconds 
========================================================================
Received Import Request.
  Time since last request: 1.819172 seconds.
  path: Assets/Ruccho/FangAutoTile/Sample
  artifactKey: Guid(7a987d041a38ad44f86c47674b41757f) Importer(815301076,1909f56bfc062723c751e8b465ee728b)
Start importing Assets/Ruccho/FangAutoTile/Sample using Guid(7a987d041a38ad44f86c47674b41757f) Importer(815301076,1909f56bfc062723c751e8b465ee728b)  -> (artifact id: '6702bd93fb2742666f7c7eb812100ffa') in 0.010387 seconds 
========================================================================
Received Import Request.
  Time since last request: 1.855539 seconds.
  path: Assets/Ruccho/FangAutoTile/FangAutoTile.cs
  artifactKey: Guid(f02be95f74d0c85499fcb83c30c538a5) Importer(815301076,1909f56bfc062723c751e8b465ee728b)
Start importing Assets/Ruccho/FangAutoTile/FangAutoTile.cs using Guid(f02be95f74d0c85499fcb83c30c538a5) Importer(815301076,1909f56bfc062723c751e8b465ee728b)  -> (artifact id: '472f018109feb8f5fb1c2ccabf5e7f38') in 0.005434 seconds 
========================================================================
Received Import Request.
  Time since last request: 0.770250 seconds.
  path: Assets/Ruccho/FangAutoTile/FangAutoTilePattern.cs
  artifactKey: Guid(1a276efed6a4e6e47b1d26f1b6bbb828) Importer(815301076,1909f56bfc062723c751e8b465ee728b)
Start importing Assets/Ruccho/FangAutoTile/FangAutoTilePattern.cs using Guid(1a276efed6a4e6e47b1d26f1b6bbb828) Importer(815301076,1909f56bfc062723c751e8b465ee728b)  -> (artifact id: '4e0368cb0e397b8675da4e478600b06e') in 0.009747 seconds 
========================================================================
Received Import Request.
  Time since last request: 3.135228 seconds.
  path: Assets/Ruccho/FangAutoTile/Readme-ja.txt
  artifactKey: Guid(feb384d2a5384464990599cb49e3a5ce) Importer(815301076,1909f56bfc062723c751e8b465ee728b)
Start importing Assets/Ruccho/FangAutoTile/Readme-ja.txt using Guid(feb384d2a5384464990599cb49e3a5ce) Importer(815301076,1909f56bfc062723c751e8b465ee728b)  -> (artifact id: 'dfc1a4a33e616e829561bb83fd633e47') in 0.105396 seconds 
========================================================================
Received Import Request.
  Time since last request: 5.289184 seconds.
  path: Assets/Ruccho/FangAutoTile/Tutorial Video.url
  artifactKey: Guid(cf4f211112a02a04eb5bb9ad3db581d9) Importer(815301076,1909f56bfc062723c751e8b465ee728b)
Start importing Assets/Ruccho/FangAutoTile/Tutorial Video.url using Guid(cf4f211112a02a04eb5bb9ad3db581d9) Importer(815301076,1909f56bfc062723c751e8b465ee728b)  -> (artifact id: '733394c2fce54a9bd7c0565dffb876f6') in 0.029375 seconds 
========================================================================
Received Import Request.
  Time since last request: 2.403470 seconds.
  path: Assets/Ruccho/FangAutoTile/Readme.txt
  artifactKey: Guid(cd1e146a18df1924ba7b80c68a2afa74) Importer(815301076,1909f56bfc062723c751e8b465ee728b)
Start importing Assets/Ruccho/FangAutoTile/Readme.txt using Guid(cd1e146a18df1924ba7b80c68a2afa74) Importer(815301076,1909f56bfc062723c751e8b465ee728b)  -> (artifact id: '9405e89ff62656090b9b9e54746b8650') in 0.009347 seconds 
